电子烟,37,200.0,电子类用品,2022-08-06T15:21:46.930+08:00
太平鸟-衬衫,74,264.0,服装类用品,2022-08-06T15:21:46.931+08:00
太平鸟-衬衫,41,264.0,服装类用品,2022-08-06T15:21:46.931+08:00
笔记本,98,5.0,文具类用品,2022-08-06T15:21:46.931+08:00
Moda-连衣裙,11,400.0,服装类用品,2022-08-06T15:21:46.932+08:00
三彩-毛衣,86,300,服装类用品,2022-08-06T15:21:46.932+08:00
笔记本,110,5.0,文具类用品,2022-08-06T15:21:46.932+08:00
手机充电器,49,315.0,电子类用品,2022-08-06T15:21:46.932+08:00
笔芯,12,30.0,文具类用品,2022-08-06T15:21:46.932+08:00
笔芯,61,30.0,文具类用品,2022-08-06T15:21:46.932+08:00
电子烟,99,200.0,电子类用品,2022-08-06T15:21:46.932+08:00
手机壳,33,10.0,电子类用品,2022-08-06T15:21:46.933+08:00
Moda-连衣裙,25,400.0,服装类用品,2022-08-06T15:21:46.933+08:00
电子烟,78,200.0,电子类用品,2022-08-06T15:21:46.933+08:00
电子烟,62,200.0,电子类用品,2022-08-06T15:21:46.933+08:00
手机屏幕,14,114,电子类用品,2022-08-06T15:21:46.933+08:00
太平鸟-衬衫,107,264.0,服装类用品,2022-08-06T15:21:46.933+08:00
手机充电器,38,315.0,电子类用品,2022-08-06T15:21:46.934+08:00
手机屏幕,44,114,电子类用品,2022-08-06T15:21:46.934+08:00
手机屏幕,95,114,电子类用品,2022-08-06T15:21:46.934+08:00
笔记本,26,5.0,文具类用品,2022-08-06T15:21:46.934+08:00
电子烟,93,200.0,电子类用品,2022-08-06T15:21:46.935+08:00
钢笔,50,40.0,文具类用品,2022-08-06T15:21:46.935+08:00
三彩-毛衣,46,300,服装类用品,2022-08-06T15:21:46.935+08:00
Lily-牛仔裤,114,209.0,服装类用品,2022-08-06T15:21:46.935+08:00
手机屏幕,85,114,电子类用品,2022-08-06T15:21:46.935+08:00
笔记本,106,5.0,文具类用品,2022-08-06T15:21:46.935+08:00
笔记本,56,5.0,文具类用品,2022-08-06T15:21:46.935+08:00
毛笔,67,34.0,文具类用品,2022-08-06T15:21:46.935+08:00
手机充电器,120,315.0,电子类用品,2022-08-06T15:21:46.936+08:00
伊芙丽-卫衣,16,162.0,服装类用品,2022-08-06T15:21:46.936+08:00
毛笔,78,34.0,文具类用品,2022-08-06T15:21:46.936+08:00
太平鸟-衬衫,43,264.0,服装类用品,2022-08-06T15:21:46.936+08:00
伊芙丽-卫衣,48,162.0,服装类用品,2022-08-06T15:21:46.936+08:00
Lily-牛仔裤,74,209.0,服装类用品,2022-08-06T15:21:46.936+08:00
伊芙丽-卫衣,19,162.0,服装类用品,2022-08-06T15:21:46.936+08:00
电子烟,119,200.0,电子类用品,2022-08-06T15:21:46.937+08:00
Lily-牛仔裤,57,209.0,服装类用品,2022-08-06T15:21:46.937+08:00
玖姿-西装,41,1040.0,服装类用品,2022-08-06T15:21:46.937+08:00
玖姿-西装,19,1040.0,服装类用品,2022-08-06T15:21:46.937+08:00
玖姿-西装,19,1040.0,服装类用品,2022-08-06T15:21:46.937+08:00
伊芙丽-卫衣,125,162.0,服装类用品,2022-08-06T15:21:46.937+08:00
玖姿-西装,55,1040.0,服装类用品,2022-08-06T15:21:46.938+08:00
笔芯,81,30.0,文具类用品,2022-08-06T15:21:46.938+08:00
手机壳,128,10.0,电子类用品,2022-08-06T15:21:46.938+08:00
Lily-牛仔裤,10,209.0,服装类用品,2022-08-06T15:21:46.938+08:00
Lily-牛仔裤,43,209.0,服装类用品,2022-08-06T15:21:46.940+08:00
三彩-毛衣,34,300,服装类用品,2022-08-06T15:21:46.940+08:00
Moda-连衣裙,22,400.0,服装类用品,2022-08-06T15:21:46.940+08:00
三彩-毛衣,128,300,服装类用品,2022-08-06T15:21:46.940+08:00
笔芯,78,30.0,文具类用品,2022-08-06T15:21:46.940+08:00
电子烟,7,200.0,电子类用品,2022-08-06T15:21:46.940+08:00
手机充电器,21,315.0,电子类用品,2022-08-06T15:21:46.941+08:00
三彩-毛衣,109,300,服装类用品,2022-08-06T15:21:46.941+08:00
玖姿-西装,16,1040.0,服装类用品,2022-08-06T15:21:46.941+08:00
伊芙丽-卫衣,35,162.0,服装类用品,2022-08-06T15:21:46.941+08:00
乐町-旗袍,54,371.0,服装类用品,2022-08-06T15:21:46.941+08:00
Moda-连衣裙,22,400.0,服装类用品,2022-08-06T15:21:46.941+08:00
伊芙丽-卫衣,64,162.0,服装类用品,2022-08-06T15:21:46.941+08:00
手机屏幕,7,114,电子类用品,2022-08-06T15:21:46.941+08:00
手机充电器,122,315.0,电子类用品,2022-08-06T15:21:46.942+08:00
手机充电器,50,315.0,电子类用品,2022-08-06T15:21:46.942+08:00
手机壳,95,10.0,电子类用品,2022-08-06T15:21:46.942+08:00
笔记本,126,5.0,文具类用品,2022-08-06T15:21:46.943+08:00
玖姿-西装,86,1040.0,服装类用品,2022-08-06T15:21:46.943+08:00
伊芙丽-卫衣,115,162.0,服装类用品,2022-08-06T15:21:46.943+08:00
电子烟,105,200.0,电子类用品,2022-08-06T15:21:46.943+08:00
手机屏幕,130,114,电子类用品,2022-08-06T15:21:46.944+08:00
笔芯,104,30.0,文具类用品,2022-08-06T15:21:46.944+08:00
笔芯,27,30.0,文具类用品,2022-08-06T15:21:46.944+08:00
伊芙丽-卫衣,21,162.0,服装类用品,2022-08-06T15:21:46.944+08:00
毛笔,16,34.0,文具类用品,2022-08-06T15:21:46.944+08:00
伊芙丽-卫衣,46,162.0,服装类用品,2022-08-06T15:21:46.944+08:00
手机屏幕,44,114,电子类用品,2022-08-06T15:21:46.945+08:00
手机屏幕,106,114,电子类用品,2022-08-06T15:21:46.945+08:00
Moda-连衣裙,60,400.0,服装类用品,2022-08-06T15:21:46.945+08:00
Moda-连衣裙,120,400.0,服装类用品,2022-08-06T15:21:46.945+08:00
太平鸟-衬衫,84,264.0,服装类用品,2022-08-06T15:21:46.945+08:00
手机屏幕,97,114,电子类用品,2022-08-06T15:21:46.945+08:00
伊芙丽-卫衣,93,162.0,服装类用品,2022-08-06T15:21:46.945+08:00
伊芙丽-卫衣,25,162.0,服装类用品,2022-08-06T15:21:46.945+08:00
钢笔,21,40.0,文具类用品,2022-08-06T15:21:46.945+08:00
太平鸟-衬衫,56,264.0,服装类用品,2022-08-06T15:21:46.945+08:00
笔记本,17,5.0,文具类用品,2022-08-06T15:21:46.945+08:00
毛笔,61,34.0,文具类用品,2022-08-06T15:21:46.945+08:00
毛笔,107,34.0,文具类用品,2022-08-06T15:21:46.945+08:00
笔记本,22,5.0,文具类用品,2022-08-06T15:21:46.946+08:00
太平鸟-衬衫,113,264.0,服装类用品,2022-08-06T15:21:46.946+08:00
三彩-毛衣,131,300,服装类用品,2022-08-06T15:21:46.946+08:00
玖姿-西装,25,1040.0,服装类用品,2022-08-06T15:21:46.946+08:00
Lily-牛仔裤,57,209.0,服装类用品,2022-08-06T15:21:46.946+08:00
乐町-旗袍,106,371.0,服装类用品,2022-08-06T15:21:46.946+08:00
乐町-旗袍,16,371.0,服装类用品,2022-08-06T15:21:46.946+08:00
手机充电器,42,315.0,电子类用品,2022-08-06T15:21:46.946+08:00
电子烟,127,200.0,电子类用品,2022-08-06T15:21:46.946+08:00
毛笔,122,34.0,文具类用品,2022-08-06T15:21:46.946+08:00
毛笔,123,34.0,文具类用品,2022-08-06T15:21:46.947+08:00
伊芙丽-卫衣,99,162.0,服装类用品,2022-08-06T15:21:46.947+08:00
Lily-牛仔裤,40,209.0,服装类用品,2022-08-06T15:21:46.947+08:00
伊芙丽-卫衣,7,162.0,服装类用品,2022-08-06T15:21:46.947+08:00
